<?xml version="1.0" encoding="UTF-8"?>
<!-- Generated by org.testng.reporters.JUnitReportReporter -->
<testsuite hostname="DESKTOP-SBUKS87" failures="0" tests="1" name="testCases.TC_LO_001_Login" time="1.990" errors="0" timestamp="2025-08-07T10:23:44 BST" skipped="0">
  <testcase classname="testCases.TC_LO_001_Login" name="ValidUserName_ValidPassword" time="1.990"/>
</testsuite> <!-- testCases.TC_LO_001_Login -->
