<?xml version="1.0" encoding="UTF-8"?>
<!-- Generated by org.testng.reporters.JUnitReportReporter -->
<testsuite hostname="DESKTOP-SBUKS87" failures="0" tests="1" name="testCases.homepage" time="10.596" errors="0" timestamp="2025-07-25T19:21:06 BST" skipped="0">
  <testcase classname="testCases.homepage" name="makeappointment" time="10.596"/>
</testsuite> <!-- testCases.homepage -->
