<?xml version="1.0" encoding="UTF-8"?>
<!-- Generated by org.testng.reporters.JUnitReportReporter -->
<testsuite hostname="DESKTOP-SBUKS87" failures="0" tests="1" name="testCases.TC_APT_015" time="2.984" errors="0" timestamp="2025-04-02T12:16:59 BST" skipped="0">
  <testcase classname="testCases.TC_APT_015" name="verify_Withreadmissionclick_withdate_Withoutcomment" time="2.984"/>
</testsuite> <!-- testCases.TC_APT_015 -->
