<?xml version="1.0" encoding="UTF-8"?>
<!-- Generated by org.testng.reporters.JUnitReportReporter -->
<testsuite hostname="DESKTOP-SBUKS87" failures="0" tests="1" name="testCases.tc002_Login" time="1.016" errors="0" timestamp="2025-03-22T15:33:39 GMT" skipped="0">
  <testcase classname="testCases.tc002_Login" name="verify_login" time="1.016"/>
</testsuite> <!-- testCases.tc002_Login -->
