<?xml version="1.0" encoding="UTF-8"?>
<!-- Generated by org.testng.reporters.JUnitReportReporter -->
<testsuite hostname="DESKTOP-SBUKS87" failures="0" tests="1" name="testCases.TC_APT_016" time="3.311" errors="0" timestamp="2025-04-02T12:16:59 BST" skipped="0">
  <testcase classname="testCases.TC_APT_016" name="verify_visitdate_futuredate" time="3.311"/>
</testsuite> <!-- testCases.TC_APT_016 -->
