<?xml version="1.0" encoding="UTF-8"?>
<!-- Generated by org.testng.reporters.JUnitReportReporter -->
<testsuite hostname="DESKTOP-SBUKS87" failures="0" tests="1" name="testCases.tc001_makeAppointment" time="0.588" errors="0" timestamp="2025-03-22T15:07:34 GMT" skipped="0">
  <testcase classname="testCases.tc001_makeAppointment" name="makeappointment" time="0.588"/>
</testsuite> <!-- testCases.tc001_makeAppointment -->
