<?xml version="1.0" encoding="UTF-8"?>
<!-- Generated by org.testng.reporters.JUnitReportReporter -->
<testsuite hostname="DESKTOP-SBUKS87" failures="0" tests="4" name="testCases.TC_LO_DataDrivenTest" time="42.519" errors="0" timestamp="2025-03-26T14:20:44 GMT" skipped="0">
  <testcase classname="testCases.TC_LO_DataDrivenTest" name="UserName_Password_dataDrivenTest" time="11.304"/>
  <testcase classname="testCases.TC_LO_DataDrivenTest" name="UserName_Password_dataDrivenTest" time="10.464"/>
  <testcase classname="testCases.TC_LO_DataDrivenTest" name="UserName_Password_dataDrivenTest" time="10.745"/>
  <testcase classname="testCases.TC_LO_DataDrivenTest" name="UserName_Password_dataDrivenTest" time="10.006"/>
</testsuite> <!-- testCases.TC_LO_DataDrivenTest -->
