<?xml version="1.0" encoding="UTF-8"?>
<!-- Generated by org.testng.reporters.JUnitReportReporter -->
<testsuite hostname="DESKTOP-SBUKS87" failures="0" tests="1" name="BaseClass.setupClass" time="8.858" errors="0" timestamp="2025-03-22T14:40:50 GMT" skipped="0">
  <testcase classname="BaseClass.setupClass" name="setup_method" time="8.858"/>
</testsuite> <!-- BaseClass.setupClass -->
