<?xml version="1.0" encoding="UTF-8"?>
<!-- Generated by org.testng.reporters.JUnitReportReporter -->
<testsuite hostname="DESKTOP-SBUKS87" failures="0" tests="1" name="testCases.tc003_makeAppointment" time="3.599" errors="0" timestamp="2025-03-23T12:03:21 GMT" skipped="0">
  <testcase classname="testCases.tc003_makeAppointment" name="confirmAppointment" time="3.599"/>
</testsuite> <!-- testCases.tc003_makeAppointment -->
