<?xml version="1.0" encoding="UTF-8"?>
<!-- Generated by org.testng.reporters.JUnitReportReporter -->
<testsuite hostname="DESKTOP-SBUKS87" failures="0" tests="1" name="testCases.TC_LO_007_Login" time="1.880" errors="0" timestamp="2025-08-07T10:23:44 BST" skipped="0">
  <testcase classname="testCases.TC_LO_007_Login" name="ValidUserName_EmptyPassword" time="1.880"/>
</testsuite> <!-- testCases.TC_LO_007_Login -->
